::1 - - [10/Aug/2021:08:27:51 +0000] "GET / HTTP/1.1" 200 9 "-" "Mozilla/5.0 (Macintosh; Intel Mac OS X 10_15_7) AppleWebKit/537.36 (KHTML, like Gecko) Chrome/92.0.4515.131 Safari/537.36"
::1 - - [10/Aug/2021:08:27:51 +0000] "POST /ajax.php?v=1628584071656 HTTP/1.1" 200 9 "http://localhost:5000/" "Mozilla/5.0 (Macintosh; Intel Mac OS X 10_15_7) AppleWebKit/537.36 (KHTML, like Gecko) Chrome/92.0.4515.131 Safari/537.36"
::1 - - [10/Aug/2021:08:27:51 +0000] "GET /favicon.ico HTTP/1.1" 200 9 "http://localhost:5000/" "Mozilla/5.0 (Macintosh; Intel Mac OS X 10_15_7) AppleWebKit/537.36 (KHTML, like Gecko) Chrome/92.0.4515.131 Safari/537.36"
::1 - - [10/Aug/2021:09:52:09 +0000] "POST /users HTTP/1.1" 400 50 "-" "PostmanRuntime/7.28.2"
::1 - - [10/Aug/2021:09:53:28 +0000] "POST /users HTTP/1.1" 400 50 "-" "PostmanRuntime/7.28.2"
::1 - - [10/Aug/2021:09:53:45 +0000] "POST /users HTTP/1.1" 200 126 "-" "PostmanRuntime/7.28.2"
::1 - - [10/Aug/2021:09:54:26 +0000] "POST /users HTTP/1.1" 200 112 "-" "PostmanRuntime/7.28.2"
::1 - - [13/Aug/2021:14:58:57 +0000] "POST /users/login HTTP/1.1" 500 31 "-" "PostmanRuntime/7.28.2"
::1 - - [13/Aug/2021:14:59:01 +0000] "POST /users/login HTTP/1.1" 500 31 "-" "PostmanRuntime/7.28.2"
::1 - - [13/Aug/2021:15:06:34 +0000] "POST /users/login HTTP/1.1" 200 208 "-" "PostmanRuntime/7.28.2"
::1 - - [13/Aug/2021:15:09:45 +0000] "POST /users/login HTTP/1.1" 200 185 "-" "PostmanRuntime/7.28.2"
::1 - - [13/Aug/2021:15:10:05 +0000] "POST /users/login HTTP/1.1" 200 183 "-" "PostmanRuntime/7.28.2"
::1 - - [13/Aug/2021:15:11:05 +0000] "POST /users/login HTTP/1.1" 200 183 "-" "PostmanRuntime/7.28.2"
::1 - - [13/Aug/2021:15:11:15 +0000] "POST /users/login HTTP/1.1" 200 30 "-" "PostmanRuntime/7.28.2"
::1 - - [13/Aug/2021:15:12:40 +0000] "POST /users/login HTTP/1.1" 500 56 "-" "PostmanRuntime/7.28.2"
::1 - - [13/Aug/2021:15:20:07 +0000] "POST /users/login HTTP/1.1" 200 16 "-" "PostmanRuntime/7.28.2"
::1 - - [13/Aug/2021:15:20:24 +0000] "POST /users/login HTTP/1.1" 200 183 "-" "PostmanRuntime/7.28.2"
::1 - - [13/Aug/2021:15:26:41 +0000] "POST /users HTTP/1.1" 400 54 "-" "PostmanRuntime/7.28.2"
::1 - - [13/Aug/2021:15:26:58 +0000] "POST /users HTTP/1.1" 500 427 "-" "PostmanRuntime/7.28.2"
::1 - - [13/Aug/2021:15:28:15 +0000] "POST /users HTTP/1.1" 500 427 "-" "PostmanRuntime/7.28.2"
::1 - - [13/Aug/2021:15:28:18 +0000] "POST /users HTTP/1.1" 500 427 "-" "PostmanRuntime/7.28.2"
::1 - - [13/Aug/2021:15:28:29 +0000] "POST /users HTTP/1.1" 500 427 "-" "PostmanRuntime/7.28.2"
::1 - - [13/Aug/2021:15:28:46 +0000] "POST /users HTTP/1.1" 500 427 "-" "PostmanRuntime/7.28.2"
::1 - - [13/Aug/2021:15:29:17 +0000] "POST /users HTTP/1.1" 500 19 "-" "PostmanRuntime/7.28.2"
::1 - - [13/Aug/2021:15:29:33 +0000] "POST /users HTTP/1.1" 500 19 "-" "PostmanRuntime/7.28.2"
::1 - - [13/Aug/2021:15:29:54 +0000] "POST /users HTTP/1.1" 500 19 "-" "PostmanRuntime/7.28.2"
::1 - - [13/Aug/2021:15:30:09 +0000] "POST /users HTTP/1.1" 500 19 "-" "PostmanRuntime/7.28.2"
::1 - - [13/Aug/2021:15:30:22 +0000] "POST /users HTTP/1.1" 500 19 "-" "PostmanRuntime/7.28.2"
::1 - - [13/Aug/2021:15:30:46 +0000] "POST /users HTTP/1.1" 500 19 "-" "PostmanRuntime/7.28.2"
::1 - - [13/Aug/2021:15:30:57 +0000] "POST /users HTTP/1.1" 500 19 "-" "PostmanRuntime/7.28.2"
::1 - - [13/Aug/2021:15:31:18 +0000] "POST /users HTTP/1.1" 500 19 "-" "PostmanRuntime/7.28.2"
::1 - - [13/Aug/2021:15:31:56 +0000] "POST /users HTTP/1.1" 500 55 "-" "PostmanRuntime/7.28.2"
::1 - - [13/Aug/2021:15:32:14 +0000] "POST /users HTTP/1.1" 500 56 "-" "PostmanRuntime/7.28.2"
::1 - - [13/Aug/2021:15:32:45 +0000] "POST /users HTTP/1.1" 400 50 "-" "PostmanRuntime/7.28.2"
::1 - - [13/Aug/2021:15:32:50 +0000] "POST /users HTTP/1.1" 200 206 "-" "PostmanRuntime/7.28.2"
::1 - - [13/Aug/2021:15:39:40 +0000] "POST /users HTTP/1.1" 200 183 "-" "PostmanRuntime/7.28.2"
::1 - - [13/Aug/2021:15:39:46 +0000] "POST /users HTTP/1.1" 200 183 "-" "PostmanRuntime/7.28.2"
::1 - - [13/Aug/2021:15:39:47 +0000] "POST /users HTTP/1.1" 200 183 "-" "PostmanRuntime/7.28.2"
::1 - - [13/Aug/2021:15:39:47 +0000] "POST /users HTTP/1.1" 200 183 "-" "PostmanRuntime/7.28.2"
::1 - - [13/Aug/2021:15:41:52 +0000] "POST /users HTTP/1.1" 200 183 "-" "PostmanRuntime/7.28.2"
::1 - - [13/Aug/2021:15:41:54 +0000] "POST /users HTTP/1.1" 500 54 "-" "PostmanRuntime/7.28.2"
::1 - - [13/Aug/2021:16:44:14 +0000] "OPTIONS /users/login HTTP/1.1" 204 0 "http://localhost:8081/" "Mozilla/5.0 (iPhone; CPU iPhone OS 13_2_3 like Mac OS X) AppleWebKit/605.1.15 (KHTML, like Gecko) Version/13.0.3 Mobile/15E148 Safari/604.1"
::1 - - [13/Aug/2021:16:44:14 +0000] "POST /users/login HTTP/1.1" 500 56 "http://localhost:8081/" "Mozilla/5.0 (iPhone; CPU iPhone OS 13_2_3 like Mac OS X) AppleWebKit/605.1.15 (KHTML, like Gecko) Version/13.0.3 Mobile/15E148 Safari/604.1"
::1 - - [13/Aug/2021:16:50:23 +0000] "OPTIONS /users/login HTTP/1.1" 204 0 "http://localhost:8081/" "Mozilla/5.0 (iPhone; CPU iPhone OS 13_2_3 like Mac OS X) AppleWebKit/605.1.15 (KHTML, like Gecko) Version/13.0.3 Mobile/15E148 Safari/604.1"
::1 - - [13/Aug/2021:16:50:23 +0000] "POST /users/login HTTP/1.1" 500 56 "http://localhost:8081/" "Mozilla/5.0 (iPhone; CPU iPhone OS 13_2_3 like Mac OS X) AppleWebKit/605.1.15 (KHTML, like Gecko) Version/13.0.3 Mobile/15E148 Safari/604.1"
::1 - - [13/Aug/2021:16:51:47 +0000] "OPTIONS /users/login HTTP/1.1" 204 0 "http://localhost:8081/" "Mozilla/5.0 (iPhone; CPU iPhone OS 13_2_3 like Mac OS X) AppleWebKit/605.1.15 (KHTML, like Gecko) Version/13.0.3 Mobile/15E148 Safari/604.1"
::1 - - [13/Aug/2021:16:51:47 +0000] "POST /users/login HTTP/1.1" 500 56 "http://localhost:8081/" "Mozilla/5.0 (iPhone; CPU iPhone OS 13_2_3 like Mac OS X) AppleWebKit/605.1.15 (KHTML, like Gecko) Version/13.0.3 Mobile/15E148 Safari/604.1"
::1 - - [13/Aug/2021:16:54:14 +0000] "OPTIONS /users/login HTTP/1.1" 204 0 "http://localhost:8081/" "Mozilla/5.0 (iPhone; CPU iPhone OS 13_2_3 like Mac OS X) AppleWebKit/605.1.15 (KHTML, like Gecko) Version/13.0.3 Mobile/15E148 Safari/604.1"
::1 - - [13/Aug/2021:16:54:14 +0000] "POST /users/login HTTP/1.1" 500 56 "http://localhost:8081/" "Mozilla/5.0 (iPhone; CPU iPhone OS 13_2_3 like Mac OS X) AppleWebKit/605.1.15 (KHTML, like Gecko) Version/13.0.3 Mobile/15E148 Safari/604.1"
::1 - - [13/Aug/2021:16:54:48 +0000] "OPTIONS /users/login HTTP/1.1" 204 0 "http://localhost:8081/" "Mozilla/5.0 (iPhone; CPU iPhone OS 13_2_3 like Mac OS X) AppleWebKit/605.1.15 (KHTML, like Gecko) Version/13.0.3 Mobile/15E148 Safari/604.1"
::1 - - [13/Aug/2021:16:54:48 +0000] "POST /users/login HTTP/1.1" 500 56 "http://localhost:8081/" "Mozilla/5.0 (iPhone; CPU iPhone OS 13_2_3 like Mac OS X) AppleWebKit/605.1.15 (KHTML, like Gecko) Version/13.0.3 Mobile/15E148 Safari/604.1"
::1 - - [13/Aug/2021:16:56:11 +0000] "OPTIONS /users/login HTTP/1.1" 204 0 "http://localhost:8081/" "Mozilla/5.0 (iPhone; CPU iPhone OS 13_2_3 like Mac OS X) AppleWebKit/605.1.15 (KHTML, like Gecko) Version/13.0.3 Mobile/15E148 Safari/604.1"
::1 - - [13/Aug/2021:16:56:11 +0000] "POST /users/login HTTP/1.1" 500 56 "http://localhost:8081/" "Mozilla/5.0 (iPhone; CPU iPhone OS 13_2_3 like Mac OS X) AppleWebKit/605.1.15 (KHTML, like Gecko) Version/13.0.3 Mobile/15E148 Safari/604.1"
::1 - - [13/Aug/2021:16:56:33 +0000] "OPTIONS /users/login HTTP/1.1" 204 0 "http://localhost:8081/" "Mozilla/5.0 (iPhone; CPU iPhone OS 13_2_3 like Mac OS X) AppleWebKit/605.1.15 (KHTML, like Gecko) Version/13.0.3 Mobile/15E148 Safari/604.1"
::1 - - [13/Aug/2021:16:56:33 +0000] "POST /users/login HTTP/1.1" 500 56 "http://localhost:8081/" "Mozilla/5.0 (iPhone; CPU iPhone OS 13_2_3 like Mac OS X) AppleWebKit/605.1.15 (KHTML, like Gecko) Version/13.0.3 Mobile/15E148 Safari/604.1"
::1 - - [13/Aug/2021:16:56:47 +0000] "OPTIONS /users/login HTTP/1.1" 204 0 "http://localhost:8081/" "Mozilla/5.0 (iPhone; CPU iPhone OS 13_2_3 like Mac OS X) AppleWebKit/605.1.15 (KHTML, like Gecko) Version/13.0.3 Mobile/15E148 Safari/604.1"
::1 - - [13/Aug/2021:16:56:47 +0000] "POST /users/login HTTP/1.1" 500 56 "http://localhost:8081/" "Mozilla/5.0 (iPhone; CPU iPhone OS 13_2_3 like Mac OS X) AppleWebKit/605.1.15 (KHTML, like Gecko) Version/13.0.3 Mobile/15E148 Safari/604.1"
::1 - - [13/Aug/2021:16:58:33 +0000] "OPTIONS /users/login HTTP/1.1" 204 0 "http://localhost:8081/" "Mozilla/5.0 (iPhone; CPU iPhone OS 13_2_3 like Mac OS X) AppleWebKit/605.1.15 (KHTML, like Gecko) Version/13.0.3 Mobile/15E148 Safari/604.1"
::1 - - [13/Aug/2021:16:58:33 +0000] "POST /users/login HTTP/1.1" 500 56 "http://localhost:8081/" "Mozilla/5.0 (iPhone; CPU iPhone OS 13_2_3 like Mac OS X) AppleWebKit/605.1.15 (KHTML, like Gecko) Version/13.0.3 Mobile/15E148 Safari/604.1"
::1 - - [13/Aug/2021:16:58:49 +0000] "OPTIONS /users/login HTTP/1.1" 204 0 "http://localhost:8081/" "Mozilla/5.0 (iPhone; CPU iPhone OS 13_2_3 like Mac OS X) AppleWebKit/605.1.15 (KHTML, like Gecko) Version/13.0.3 Mobile/15E148 Safari/604.1"
::1 - - [13/Aug/2021:16:58:49 +0000] "POST /users/login HTTP/1.1" 500 56 "http://localhost:8081/" "Mozilla/5.0 (iPhone; CPU iPhone OS 13_2_3 like Mac OS X) AppleWebKit/605.1.15 (KHTML, like Gecko) Version/13.0.3 Mobile/15E148 Safari/604.1"
::1 - - [13/Aug/2021:16:59:07 +0000] "OPTIONS /users/login HTTP/1.1" 204 0 "http://localhost:8081/" "Mozilla/5.0 (iPhone; CPU iPhone OS 13_2_3 like Mac OS X) AppleWebKit/605.1.15 (KHTML, like Gecko) Version/13.0.3 Mobile/15E148 Safari/604.1"
::1 - - [13/Aug/2021:16:59:07 +0000] "POST /users/login HTTP/1.1" 500 56 "http://localhost:8081/" "Mozilla/5.0 (iPhone; CPU iPhone OS 13_2_3 like Mac OS X) AppleWebKit/605.1.15 (KHTML, like Gecko) Version/13.0.3 Mobile/15E148 Safari/604.1"
::1 - - [13/Aug/2021:16:59:23 +0000] "OPTIONS /users/login HTTP/1.1" 204 0 "http://localhost:8081/" "Mozilla/5.0 (iPhone; CPU iPhone OS 13_2_3 like Mac OS X) AppleWebKit/605.1.15 (KHTML, like Gecko) Version/13.0.3 Mobile/15E148 Safari/604.1"
::1 - - [13/Aug/2021:16:59:23 +0000] "POST /users/login HTTP/1.1" 500 56 "http://localhost:8081/" "Mozilla/5.0 (iPhone; CPU iPhone OS 13_2_3 like Mac OS X) AppleWebKit/605.1.15 (KHTML, like Gecko) Version/13.0.3 Mobile/15E148 Safari/604.1"
::1 - - [13/Aug/2021:16:59:34 +0000] "OPTIONS /users/login HTTP/1.1" 204 0 "http://localhost:8081/" "Mozilla/5.0 (iPhone; CPU iPhone OS 13_2_3 like Mac OS X) AppleWebKit/605.1.15 (KHTML, like Gecko) Version/13.0.3 Mobile/15E148 Safari/604.1"
::1 - - [13/Aug/2021:16:59:34 +0000] "POST /users/login HTTP/1.1" 500 56 "http://localhost:8081/" "Mozilla/5.0 (iPhone; CPU iPhone OS 13_2_3 like Mac OS X) AppleWebKit/605.1.15 (KHTML, like Gecko) Version/13.0.3 Mobile/15E148 Safari/604.1"
::1 - - [13/Aug/2021:16:59:46 +0000] "OPTIONS /users/login HTTP/1.1" 204 0 "http://localhost:8081/" "Mozilla/5.0 (iPhone; CPU iPhone OS 13_2_3 like Mac OS X) AppleWebKit/605.1.15 (KHTML, like Gecko) Version/13.0.3 Mobile/15E148 Safari/604.1"
::1 - - [13/Aug/2021:16:59:46 +0000] "POST /users/login HTTP/1.1" 500 56 "http://localhost:8081/" "Mozilla/5.0 (iPhone; CPU iPhone OS 13_2_3 like Mac OS X) AppleWebKit/605.1.15 (KHTML, like Gecko) Version/13.0.3 Mobile/15E148 Safari/604.1"
::1 - - [13/Aug/2021:16:59:55 +0000] "OPTIONS /users/login HTTP/1.1" 204 0 "http://localhost:8081/" "Mozilla/5.0 (iPhone; CPU iPhone OS 13_2_3 like Mac OS X) AppleWebKit/605.1.15 (KHTML, like Gecko) Version/13.0.3 Mobile/15E148 Safari/604.1"
::1 - - [13/Aug/2021:16:59:55 +0000] "POST /users/login HTTP/1.1" 500 56 "http://localhost:8081/" "Mozilla/5.0 (iPhone; CPU iPhone OS 13_2_3 like Mac OS X) AppleWebKit/605.1.15 (KHTML, like Gecko) Version/13.0.3 Mobile/15E148 Safari/604.1"
::1 - - [13/Aug/2021:17:00:04 +0000] "OPTIONS /users/login HTTP/1.1" 204 0 "http://localhost:8081/" "Mozilla/5.0 (iPhone; CPU iPhone OS 13_2_3 like Mac OS X) AppleWebKit/605.1.15 (KHTML, like Gecko) Version/13.0.3 Mobile/15E148 Safari/604.1"
::1 - - [13/Aug/2021:17:00:04 +0000] "POST /users/login HTTP/1.1" 500 56 "http://localhost:8081/" "Mozilla/5.0 (iPhone; CPU iPhone OS 13_2_3 like Mac OS X) AppleWebKit/605.1.15 (KHTML, like Gecko) Version/13.0.3 Mobile/15E148 Safari/604.1"
::1 - - [13/Aug/2021:17:00:07 +0000] "POST /users/login HTTP/1.1" 500 56 "http://localhost:8081/" "Mozilla/5.0 (iPhone; CPU iPhone OS 13_2_3 like Mac OS X) AppleWebKit/605.1.15 (KHTML, like Gecko) Version/13.0.3 Mobile/15E148 Safari/604.1"
::1 - - [13/Aug/2021:17:00:46 +0000] "POST /users HTTP/1.1" 200 183 "-" "PostmanRuntime/7.28.2"
::1 - - [13/Aug/2021:17:00:48 +0000] "OPTIONS /users/login HTTP/1.1" 204 0 "http://localhost:8081/" "Mozilla/5.0 (iPhone; CPU iPhone OS 13_2_3 like Mac OS X) AppleWebKit/605.1.15 (KHTML, like Gecko) Version/13.0.3 Mobile/15E148 Safari/604.1"
::1 - - [13/Aug/2021:17:00:48 +0000] "POST /users/login HTTP/1.1" 200 183 "http://localhost:8081/" "Mozilla/5.0 (iPhone; CPU iPhone OS 13_2_3 like Mac OS X) AppleWebKit/605.1.15 (KHTML, like Gecko) Version/13.0.3 Mobile/15E148 Safari/604.1"
::1 - - [13/Aug/2021:17:05:13 +0000] "OPTIONS /users/login HTTP/1.1" 204 0 "http://localhost:8081/" "Mozilla/5.0 (iPhone; CPU iPhone OS 13_2_3 like Mac OS X) AppleWebKit/605.1.15 (KHTML, like Gecko) Version/13.0.3 Mobile/15E148 Safari/604.1"
::1 - - [13/Aug/2021:17:05:13 +0000] "POST /users/login HTTP/1.1" 500 56 "http://localhost:8081/" "Mozilla/5.0 (iPhone; CPU iPhone OS 13_2_3 like Mac OS X) AppleWebKit/605.1.15 (KHTML, like Gecko) Version/13.0.3 Mobile/15E148 Safari/604.1"
::1 - - [13/Aug/2021:17:05:23 +0000] "OPTIONS /users/login HTTP/1.1" 204 0 "http://localhost:8081/" "Mozilla/5.0 (iPhone; CPU iPhone OS 13_2_3 like Mac OS X) AppleWebKit/605.1.15 (KHTML, like Gecko) Version/13.0.3 Mobile/15E148 Safari/604.1"
::1 - - [13/Aug/2021:17:05:23 +0000] "POST /users/login HTTP/1.1" 200 183 "http://localhost:8081/" "Mozilla/5.0 (iPhone; CPU iPhone OS 13_2_3 like Mac OS X) AppleWebKit/605.1.15 (KHTML, like Gecko) Version/13.0.3 Mobile/15E148 Safari/604.1"
::1 - - [13/Aug/2021:17:07:49 +0000] "OPTIONS /users/login HTTP/1.1" 204 0 "http://localhost:8081/" "Mozilla/5.0 (iPhone; CPU iPhone OS 13_2_3 like Mac OS X) AppleWebKit/605.1.15 (KHTML, like Gecko) Version/13.0.3 Mobile/15E148 Safari/604.1"
::1 - - [13/Aug/2021:17:07:49 +0000] "POST /users/login HTTP/1.1" 500 56 "http://localhost:8081/" "Mozilla/5.0 (iPhone; CPU iPhone OS 13_2_3 like Mac OS X) AppleWebKit/605.1.15 (KHTML, like Gecko) Version/13.0.3 Mobile/15E148 Safari/604.1"
::1 - - [13/Aug/2021:17:08:45 +0000] "OPTIONS /users HTTP/1.1" 204 0 "http://localhost:8081/" "Mozilla/5.0 (iPhone; CPU iPhone OS 13_2_3 like Mac OS X) AppleWebKit/605.1.15 (KHTML, like Gecko) Version/13.0.3 Mobile/15E148 Safari/604.1"
::1 - - [13/Aug/2021:17:08:45 +0000] "POST /users HTTP/1.1" 200 185 "http://localhost:8081/" "Mozilla/5.0 (iPhone; CPU iPhone OS 13_2_3 like Mac OS X) AppleWebKit/605.1.15 (KHTML, like Gecko) Version/13.0.3 Mobile/15E148 Safari/604.1"
::1 - - [13/Aug/2021:17:10:00 +0000] "OPTIONS /users HTTP/1.1" 204 0 "http://localhost:8081/" "Mozilla/5.0 (iPhone; CPU iPhone OS 13_2_3 like Mac OS X) AppleWebKit/605.1.15 (KHTML, like Gecko) Version/13.0.3 Mobile/15E148 Safari/604.1"
::1 - - [13/Aug/2021:17:10:00 +0000] "POST /users HTTP/1.1" 500 54 "http://localhost:8081/" "Mozilla/5.0 (iPhone; CPU iPhone OS 13_2_3 like Mac OS X) AppleWebKit/605.1.15 (KHTML, like Gecko) Version/13.0.3 Mobile/15E148 Safari/604.1"
::1 - - [13/Aug/2021:17:10:04 +0000] "POST /users HTTP/1.1" 500 54 "http://localhost:8081/" "Mozilla/5.0 (iPhone; CPU iPhone OS 13_2_3 like Mac OS X) AppleWebKit/605.1.15 (KHTML, like Gecko) Version/13.0.3 Mobile/15E148 Safari/604.1"
::1 - - [13/Aug/2021:17:10:09 +0000] "OPTIONS /users HTTP/1.1" 204 0 "http://localhost:8081/" "Mozilla/5.0 (iPhone; CPU iPhone OS 13_2_3 like Mac OS X) AppleWebKit/605.1.15 (KHTML, like Gecko) Version/13.0.3 Mobile/15E148 Safari/604.1"
::1 - - [13/Aug/2021:17:10:09 +0000] "POST /users HTTP/1.1" 200 188 "http://localhost:8081/" "Mozilla/5.0 (iPhone; CPU iPhone OS 13_2_3 like Mac OS X) AppleWebKit/605.1.15 (KHTML, like Gecko) Version/13.0.3 Mobile/15E148 Safari/604.1"
::1 - - [13/Aug/2021:17:10:55 +0000] "OPTIONS /users HTTP/1.1" 204 0 "http://localhost:8081/" "Mozilla/5.0 (iPhone; CPU iPhone OS 13_2_3 like Mac OS X) AppleWebKit/605.1.15 (KHTML, like Gecko) Version/13.0.3 Mobile/15E148 Safari/604.1"
::1 - - [13/Aug/2021:17:10:55 +0000] "POST /users HTTP/1.1" 200 188 "http://localhost:8081/" "Mozilla/5.0 (iPhone; CPU iPhone OS 13_2_3 like Mac OS X) AppleWebKit/605.1.15 (KHTML, like Gecko) Version/13.0.3 Mobile/15E148 Safari/604.1"
::1 - - [19/Aug/2021:09:58:04 +0000] "GET /users HTTP/1.1" 200 754 "-" "PostmanRuntime/7.28.2"
